{"numTotalTestSuites":59,"numPassedTestSuites":15,"numFailedTestSuites":44,"numPendingTestSuites":0,"numTotalTests":113,"numPassedTests":27,"numFailedTests":81,"numPendingTests":5,"numTodoTests":0,"snapshot":{"added":0,"failure":false,"filesAdded":0,"filesRemoved":0,"filesRemovedList":[],"filesUnmatched":0,"filesUpdated":0,"matched":0,"total":0,"unchecked":0,"uncheckedKeysByFile":[],"unmatched":0,"updated":0,"didUpdate":false},"startTime":1751447103070,"success":false,"testResults":[{"assertionResults":[{"ancestorTitles":["Control Flow Tests","IF-THEN-ELSE Statements"],"fullName":"Control Flow Tests IF-THEN-ELSE Statements should convert simple IF statement","status":"failed","title":"should convert simple IF statement","duration":16.38175000000001,"failureMessages":["AssertionError: expected '' to be 'IF x > 10 THEN\\n  OUTPUT \"Greater\"\\nE…' // Object.is equality\n    at /Users/wao_singapore/python2igsce/tests/controlflow.test.ts:15:27\n    at processTicksAndRejections (node:internal/process/task_queues:95:5)\n    at file:///Users/wao_singapore/python2igsce/node_modules/@vitest/runner/dist/chunk-hooks.js:752:20"],"meta":{}},{"ancestorTitles":["Control Flow Tests","IF-THEN-ELSE Statements"],"fullName":"Control Flow Tests IF-THEN-ELSE Statements should convert IF-ELSE statement","status":"failed","title":"should convert IF-ELSE statement","duration":1.7654169999999567,"failureMessages":["AssertionError: expected '' to be 'IF temperature < 15 THEN\\n  OUTPUT \"C…' // Object.is equality\n    at /Users/wao_singapore/python2igsce/tests/controlflow.test.ts:21:27\n    at processTicksAndRejections (node:internal/process/task_queues:95:5)\n    at file:///Users/wao_singapore/python2igsce/node_modules/@vitest/runner/dist/chunk-hooks.js:752:20"],"meta":{}},{"ancestorTitles":["Control Flow Tests","IF-THEN-ELSE Statements"],"fullName":"Control Flow Tests IF-THEN-ELSE Statements should convert IF-ELIF-ELSE statement (ELSE IF in Pseudocode)","status":"failed","title":"should convert IF-ELIF-ELSE statement (ELSE IF in Pseudocode)","duration":1.7949169999999413,"failureMessages":["AssertionError: expected '' to be 'IF score ≥ 90 THEN\\n  grade ← \"A\"\\nEL…' // Object.is equality\n    at /Users/wao_singapore/python2igsce/tests/controlflow.test.ts:37:27\n    at processTicksAndRejections (node:internal/process/task_queues:95:5)\n    at file:///Users/wao_singapore/python2igsce/node_modules/@vitest/runner/dist/chunk-hooks.js:752:20"],"meta":{}},{"ancestorTitles":["Control Flow Tests","IF-THEN-ELSE Statements"],"fullName":"Control Flow Tests IF-THEN-ELSE Statements should handle nested IF statements","status":"failed","title":"should handle nested IF statements","duration":5.505291000000057,"failureMessages":["AssertionError: expected '' to be 'IF x > 0 THEN\\n  OUTPUT \"Positive\"\\n …' // Object.is equality\n    at /Users/wao_singapore/python2igsce/tests/controlflow.test.ts:62:27\n    at processTicksAndRejections (node:internal/process/task_queues:95:5)\n    at file:///Users/wao_singapore/python2igsce/node_modules/@vitest/runner/dist/chunk-hooks.js:752:20"],"meta":{}},{"ancestorTitles":["Control Flow Tests","FOR Loops"],"fullName":"Control Flow Tests FOR Loops should convert for loop with range (0 to N-1)","status":"failed","title":"should convert for loop with range (0 to N-1)","duration":6.970834000000082,"failureMessages":["AssertionError: expected '' to be 'FOR i ← 0 TO 4\\n  OUTPUT i\\nNEXT i' // Object.is equality\n    at /Users/wao_singapore/python2igsce/tests/controlflow.test.ts:89:27\n    at processTicksAndRejections (node:internal/process/task_queues:95:5)\n    at file:///Users/wao_singapore/python2igsce/node_modules/@vitest/runner/dist/chunk-hooks.js:752:20"],"meta":{}},{"ancestorTitles":["Control Flow Tests","FOR Loops"],"fullName":"Control Flow Tests FOR Loops should convert for loop with range (start to end-1)","status":"failed","title":"should convert for loop with range (start to end-1)","duration":1.7033749999999372,"failureMessages":["AssertionError: expected '' to be 'FOR count ← 1 TO 5\\n  OUTPUT count\\nN…' // Object.is equality\n    at /Users/wao_singapore/python2igsce/tests/controlflow.test.ts:95:27\n    at processTicksAndRejections (node:internal/process/task_queues:95:5)\n    at file:///Users/wao_singapore/python2igsce/node_modules/@vitest/runner/dist/chunk-hooks.js:752:20"],"meta":{}},{"ancestorTitles":["Control Flow Tests","FOR Loops"],"fullName":"Control Flow Tests FOR Loops should convert for loop with range and step","status":"failed","title":"should convert for loop with range and step","duration":1.265916999999945,"failureMessages":["AssertionError: expected '' to be 'FOR num ← 0 TO 8 STEP 2\\n  OUTPUT num…' // Object.is equality\n    at /Users/wao_singapore/python2igsce/tests/controlflow.test.ts:103:27\n    at processTicksAndRejections (node:internal/process/task_queues:95:5)\n    at file:///Users/wao_singapore/python2igsce/node_modules/@vitest/runner/dist/chunk-hooks.js:752:20"],"meta":{}},{"ancestorTitles":["Control Flow Tests","FOR Loops"],"fullName":"Control Flow Tests FOR Loops should convert for loop with negative step","status":"failed","title":"should convert for loop with negative step","duration":0.6292080000000624,"failureMessages":["AssertionError: expected '' to be 'FOR i ← 5 TO 1 STEP -1\\n  OUTPUT i\\nN…' // Object.is equality\n    at /Users/wao_singapore/python2igsce/tests/controlflow.test.ts:110:27\n    at processTicksAndRejections (node:internal/process/task_queues:95:5)\n    at file:///Users/wao_singapore/python2igsce/node_modules/@vitest/runner/dist/chunk-hooks.js:752:20"],"meta":{}},{"ancestorTitles":["Control Flow Tests","WHILE Loops"],"fullName":"Control Flow Tests WHILE Loops should convert simple while loop","status":"failed","title":"should convert simple while loop","duration":1.0419590000000198,"failureMessages":["AssertionError: expected '' to be 'count ← 0\\nWHILE count < 5 DO\\n  OUTP…' // Object.is equality\n    at /Users/wao_singapore/python2igsce/tests/controlflow.test.ts:125:27\n    at processTicksAndRejections (node:internal/process/task_queues:95:5)\n    at file:///Users/wao_singapore/python2igsce/node_modules/@vitest/runner/dist/chunk-hooks.js:752:20"],"meta":{}},{"ancestorTitles":["Control Flow Tests","WHILE Loops"],"fullName":"Control Flow Tests WHILE Loops should handle while loop with break (translates to conditional exit or complex logic)","status":"failed","title":"should handle while loop with break (translates to conditional exit or complex logic)","duration":0.9810830000000124,"failureMessages":["AssertionError: expected '' to contain 'i ← 0'\n    at /Users/wao_singapore/python2igsce/tests/controlflow.test.ts:147:27\n    at processTicksAndRejections (node:internal/process/task_queues:95:5)\n    at file:///Users/wao_singapore/python2igsce/node_modules/@vitest/runner/dist/chunk-hooks.js:752:20"],"meta":{}},{"ancestorTitles":["Control Flow Tests","REPEAT-UNTIL Loops"],"fullName":"Control Flow Tests REPEAT-UNTIL Loops should convert a while True loop with a break at the end, recognized as REPEAT-UNTIL","status":"failed","title":"should convert a while True loop with a break at the end, recognized as REPEAT-UNTIL","duration":0.7323749999999336,"failureMessages":["AssertionError: expected '' to be '// Simulating REPEAT-UNTIL\\nWHILE Tru…' // Object.is equality\n    at /Users/wao_singapore/python2igsce/tests/controlflow.test.ts:179:27\n    at processTicksAndRejections (node:internal/process/task_queues:95:5)\n    at file:///Users/wao_singapore/python2igsce/node_modules/@vitest/runner/dist/chunk-hooks.js:752:20"],"meta":{}},{"ancestorTitles":["Control Flow Tests","Nested Control Structures"],"fullName":"Control Flow Tests Nested Control Structures should handle nested FOR and IF","status":"failed","title":"should handle nested FOR and IF","duration":0.8432500000000118,"failureMessages":["AssertionError: expected '' to be 'FOR i ← 0 TO 2\\n  OUTPUT \"Outer:\", i\\…' // Object.is equality\n    at /Users/wao_singapore/python2igsce/tests/controlflow.test.ts:202:27\n    at processTicksAndRejections (node:internal/process/task_queues:95:5)\n    at file:///Users/wao_singapore/python2igsce/node_modules/@vitest/runner/dist/chunk-hooks.js:752:20"],"meta":{}}],"startTime":1751447103602,"endTime":1751447103641.8433,"status":"failed","message":"","name":"/Users/wao_singapore/python2igsce/tests/controlflow.test.ts"},{"assertionResults":[],"startTime":1751447103070,"endTime":1751447103070,"status":"failed","message":"Transform failed with 1 error:\n/Users/wao_singapore/python2igsce/tests/datastructures.test.ts:185:21: ERROR: \"await\" can only be used inside an \"async\" function","name":"/Users/wao_singapore/python2igsce/tests/datastructures.test.ts"},{"assertionResults":[{"ancestorTitles":["E2E Tests - Python to IGCSE Pseudocode","Variables and Assignment"],"fullName":"E2E Tests - Python to IGCSE Pseudocode Variables and Assignment should convert variable assignment","status":"failed","title":"should convert variable assignment","duration":19.10170800000003,"failureMessages":["AssertionError: expected '' to be 'counter ← 5\\nname ← \"John\"\\npi ← 3.14' // Object.is equality\n    at /Users/wao_singapore/python2igsce/tests/e2e.test.ts:24:29\n    at processTicksAndRejections (node:internal/process/task_queues:95:5)\n    at file:///Users/wao_singapore/python2igsce/node_modules/@vitest/runner/dist/chunk-hooks.js:752:20"],"meta":{}},{"ancestorTitles":["E2E Tests - Python to IGCSE Pseudocode","Variables and Assignment"],"fullName":"E2E Tests - Python to IGCSE Pseudocode Variables and Assignment should convert input statements","status":"failed","title":"should convert input statements","duration":5.282457999999906,"failureMessages":["AssertionError: expected '' to be 'OUTPUT \"Enter your name: \"\\nINPUT nam…' // Object.is equality\n    at /Users/wao_singapore/python2igsce/tests/e2e.test.ts:38:29\n    at processTicksAndRejections (node:internal/process/task_queues:95:5)\n    at file:///Users/wao_singapore/python2igsce/node_modules/@vitest/runner/dist/chunk-hooks.js:752:20"],"meta":{}},{"ancestorTitles":["E2E Tests - Python to IGCSE Pseudocode","Variables and Assignment"],"fullName":"E2E Tests - Python to IGCSE Pseudocode Variables and Assignment should convert output statements","status":"failed","title":"should convert output statements","duration":2.0197500000000446,"failureMessages":["AssertionError: expected '' to be 'OUTPUT \"Hello World\"\\nOUTPUT \"Your sc…' // Object.is equality\n    at /Users/wao_singapore/python2igsce/tests/e2e.test.ts:52:29\n    at processTicksAndRejections (node:internal/process/task_queues:95:5)\n    at file:///Users/wao_singapore/python2igsce/node_modules/@vitest/runner/dist/chunk-hooks.js:752:20"],"meta":{}},{"ancestorTitles":["E2E Tests - Python to IGCSE Pseudocode","Iteration Structures"],"fullName":"E2E Tests - Python to IGCSE Pseudocode Iteration Structures should convert FOR loop with range","status":"failed","title":"should convert FOR loop with range","duration":0.7893329999999423,"failureMessages":["AssertionError: expected '' to be 'FOR i ← 1 TO 10\\n  OUTPUT i\\nNEXT i' // Object.is equality\n    at /Users/wao_singapore/python2igsce/tests/e2e.test.ts:67:29\n    at processTicksAndRejections (node:internal/process/task_queues:95:5)\n    at file:///Users/wao_singapore/python2igsce/node_modules/@vitest/runner/dist/chunk-hooks.js:752:20"],"meta":{}},{"ancestorTitles":["E2E Tests - Python to IGCSE Pseudocode","Iteration Structures"],"fullName":"E2E Tests - Python to IGCSE Pseudocode Iteration Structures should convert FOR loop with step","status":"failed","title":"should convert FOR loop with step","duration":0.8482500000000073,"failureMessages":["AssertionError: expected '' to be 'FOR i ← 10 TO 1 STEP -1\\n  OUTPUT i\\n…' // Object.is equality\n    at /Users/wao_singapore/python2igsce/tests/e2e.test.ts:80:29\n    at processTicksAndRejections (node:internal/process/task_queues:95:5)\n    at file:///Users/wao_singapore/python2igsce/node_modules/@vitest/runner/dist/chunk-hooks.js:752:20"],"meta":{}},{"ancestorTitles":["E2E Tests - Python to IGCSE Pseudocode","Iteration Structures"],"fullName":"E2E Tests - Python to IGCSE Pseudocode Iteration Structures should convert WHILE loop","status":"failed","title":"should convert WHILE loop","duration":1.6267090000000053,"failureMessages":["AssertionError: expected '' to be 'WHILE x < 10\\n  x ← x + 1\\n  OUTPUT x…' // Object.is equality\n    at /Users/wao_singapore/python2igsce/tests/e2e.test.ts:95:29\n    at processTicksAndRejections (node:internal/process/task_queues:95:5)\n    at file:///Users/wao_singapore/python2igsce/node_modules/@vitest/runner/dist/chunk-hooks.js:752:20"],"meta":{}},{"ancestorTitles":["E2E Tests - Python to IGCSE Pseudocode","Iteration Structures"],"fullName":"E2E Tests - Python to IGCSE Pseudocode Iteration Structures should convert do-while equivalent (while True with break)","status":"failed","title":"should convert do-while equivalent (while True with break)","duration":2.3841659999999365,"failureMessages":["AssertionError: expected '' to be 'REPEAT\\n  OUTPUT \"Enter guess: \"\\n  I…' // Object.is equality\n    at /Users/wao_singapore/python2igsce/tests/e2e.test.ts:111:29\n    at processTicksAndRejections (node:internal/process/task_queues:95:5)\n    at file:///Users/wao_singapore/python2igsce/node_modules/@vitest/runner/dist/chunk-hooks.js:752:20"],"meta":{}},{"ancestorTitles":["E2E Tests - Python to IGCSE Pseudocode","Selection Structures"],"fullName":"E2E Tests - Python to IGCSE Pseudocode Selection Structures should convert simple IF-ELSE","status":"failed","title":"should convert simple IF-ELSE","duration":0.6560000000000628,"failureMessages":["AssertionError: expected '' to be 'IF score ≥ 50 THEN\\n  OUTPUT \"Pass\"\\n…' // Object.is equality\n    at /Users/wao_singapore/python2igsce/tests/e2e.test.ts:130:29\n    at processTicksAndRejections (node:internal/process/task_queues:95:5)\n    at file:///Users/wao_singapore/python2igsce/node_modules/@vitest/runner/dist/chunk-hooks.js:752:20"],"meta":{}},{"ancestorTitles":["E2E Tests - Python to IGCSE Pseudocode","Selection Structures"],"fullName":"E2E Tests - Python to IGCSE Pseudocode Selection Structures should convert nested IF statements","status":"failed","title":"should convert nested IF statements","duration":0.9664999999999964,"failureMessages":["AssertionError: expected '' to be 'IF x > y THEN\\n  IF x > z THEN\\n    O…' // Object.is equality\n    at /Users/wao_singapore/python2igsce/tests/e2e.test.ts:154:29\n    at processTicksAndRejections (node:internal/process/task_queues:95:5)\n    at file:///Users/wao_singapore/python2igsce/node_modules/@vitest/runner/dist/chunk-hooks.js:752:20"],"meta":{}},{"ancestorTitles":["E2E Tests - Python to IGCSE Pseudocode","Selection Structures"],"fullName":"E2E Tests - Python to IGCSE Pseudocode Selection Structures should convert IF-ELIF-ELSE chain","status":"failed","title":"should convert IF-ELIF-ELSE chain","duration":0.7580839999999398,"failureMessages":["AssertionError: expected '' to be 'IF grade ≥ 90 THEN\\n  OUTPUT \"A\"\\nELS…' // Object.is equality\n    at /Users/wao_singapore/python2igsce/tests/e2e.test.ts:179:29\n    at processTicksAndRejections (node:internal/process/task_queues:95:5)\n    at file:///Users/wao_singapore/python2igsce/node_modules/@vitest/runner/dist/chunk-hooks.js:752:20"],"meta":{}},{"ancestorTitles":["E2E Tests - Python to IGCSE Pseudocode","Arrays and Lists"],"fullName":"E2E Tests - Python to IGCSE Pseudocode Arrays and Lists should convert array declaration and access","status":"failed","title":"should convert array declaration and access","duration":0.7459589999999707,"failureMessages":["AssertionError: expected '' to be 'DECLARE numbers : ARRAY[1:5] OF INTEG…' // Object.is equality\n    at /Users/wao_singapore/python2igsce/tests/e2e.test.ts:197:29\n    at processTicksAndRejections (node:internal/process/task_queues:95:5)\n    at file:///Users/wao_singapore/python2igsce/node_modules/@vitest/runner/dist/chunk-hooks.js:752:20"],"meta":{}},{"ancestorTitles":["E2E Tests - Python to IGCSE Pseudocode","Arrays and Lists"],"fullName":"E2E Tests - Python to IGCSE Pseudocode Arrays and Lists should convert list operations","status":"failed","title":"should convert list operations","duration":4.743290999999999,"failureMessages":["AssertionError: expected '' to be 'DECLARE names : ARRAY[1:100] OF STRIN…' // Object.is equality\n    at /Users/wao_singapore/python2igsce/tests/e2e.test.ts:216:29\n    at processTicksAndRejections (node:internal/process/task_queues:95:5)\n    at file:///Users/wao_singapore/python2igsce/node_modules/@vitest/runner/dist/chunk-hooks.js:752:20"],"meta":{}},{"ancestorTitles":["E2E Tests - Python to IGCSE Pseudocode","Functions and Procedures"],"fullName":"E2E Tests - Python to IGCSE Pseudocode Functions and Procedures should convert procedure (function without return)","status":"failed","title":"should convert procedure (function without return)","duration":1.0491250000000036,"failureMessages":["AssertionError: expected '' to be 'PROCEDURE Greet(name : STRING)\\n  OUT…' // Object.is equality\n    at /Users/wao_singapore/python2igsce/tests/e2e.test.ts:234:29\n    at processTicksAndRejections (node:internal/process/task_queues:95:5)\n    at file:///Users/wao_singapore/python2igsce/node_modules/@vitest/runner/dist/chunk-hooks.js:752:20"],"meta":{}},{"ancestorTitles":["E2E Tests - Python to IGCSE Pseudocode","Functions and Procedures"],"fullName":"E2E Tests - Python to IGCSE Pseudocode Functions and Procedures should convert function with return value","status":"failed","title":"should convert function with return value","duration":1.1805000000000518,"failureMessages":["AssertionError: expected '' to be 'FUNCTION Add(x : STRING, y : STRING) …' // Object.is equality\n    at /Users/wao_singapore/python2igsce/tests/e2e.test.ts:252:29\n    at processTicksAndRejections (node:internal/process/task_queues:95:5)\n    at file:///Users/wao_singapore/python2igsce/node_modules/@vitest/runner/dist/chunk-hooks.js:752:20"],"meta":{}},{"ancestorTitles":["E2E Tests - Python to IGCSE Pseudocode","Functions and Procedures"],"fullName":"E2E Tests - Python to IGCSE Pseudocode Functions and Procedures should convert function with multiple parameters","status":"failed","title":"should convert function with multiple parameters","duration":1.1186670000000731,"failureMessages":["AssertionError: expected '' to be 'FUNCTION Calculate_area(length : STRI…' // Object.is equality\n    at /Users/wao_singapore/python2igsce/tests/e2e.test.ts:270:29\n    at processTicksAndRejections (node:internal/process/task_queues:95:5)\n    at file:///Users/wao_singapore/python2igsce/node_modules/@vitest/runner/dist/chunk-hooks.js:752:20"],"meta":{}},{"ancestorTitles":["E2E Tests - Python to IGCSE Pseudocode","Operators and Expressions"],"fullName":"E2E Tests - Python to IGCSE Pseudocode Operators and Expressions should convert comparison operators","status":"failed","title":"should convert comparison operators","duration":1.0164999999999509,"failureMessages":["AssertionError: expected '' to be 'IF x = y THEN\\n  OUTPUT \"Equal\"\\nENDI…' // Object.is equality\n    at /Users/wao_singapore/python2igsce/tests/e2e.test.ts:300:29\n    at processTicksAndRejections (node:internal/process/task_queues:95:5)\n    at file:///Users/wao_singapore/python2igsce/node_modules/@vitest/runner/dist/chunk-hooks.js:752:20"],"meta":{}},{"ancestorTitles":["E2E Tests - Python to IGCSE Pseudocode","Operators and Expressions"],"fullName":"E2E Tests - Python to IGCSE Pseudocode Operators and Expressions should convert logical operators","status":"failed","title":"should convert logical operators","duration":0.5305839999999762,"failureMessages":["AssertionError: expected '' to be 'IF x > 0 AND y > 0 THEN\\n  OUTPUT \"Bo…' // Object.is equality\n    at /Users/wao_singapore/python2igsce/tests/e2e.test.ts:323:29\n    at processTicksAndRejections (node:internal/process/task_queues:95:5)\n    at file:///Users/wao_singapore/python2igsce/node_modules/@vitest/runner/dist/chunk-hooks.js:752:20"],"meta":{}},{"ancestorTitles":["E2E Tests - Python to IGCSE Pseudocode","Operators and Expressions"],"fullName":"E2E Tests - Python to IGCSE Pseudocode Operators and Expressions should convert arithmetic operators","status":"failed","title":"should convert arithmetic operators","duration":0.5452080000000024,"failureMessages":["AssertionError: expected '' to be 'result ← a + b\\nquotient ← a DIV b\\nr…' // Object.is equality\n    at /Users/wao_singapore/python2igsce/tests/e2e.test.ts:339:29\n    at processTicksAndRejections (node:internal/process/task_queues:95:5)\n    at file:///Users/wao_singapore/python2igsce/node_modules/@vitest/runner/dist/chunk-hooks.js:752:20"],"meta":{}},{"ancestorTitles":["E2E Tests - Python to IGCSE Pseudocode","String Operations"],"fullName":"E2E Tests - Python to IGCSE Pseudocode String Operations should convert string concatenation","status":"failed","title":"should convert string concatenation","duration":0.3982499999999618,"failureMessages":["AssertionError: expected '' to be 'full_name ← first_name & \" \" & last_n…' // Object.is equality\n    at /Users/wao_singapore/python2igsce/tests/e2e.test.ts:353:29\n    at processTicksAndRejections (node:internal/process/task_queues:95:5)\n    at file:///Users/wao_singapore/python2igsce/node_modules/@vitest/runner/dist/chunk-hooks.js:752:20"],"meta":{}},{"ancestorTitles":["E2E Tests - Python to IGCSE Pseudocode","String Operations"],"fullName":"E2E Tests - Python to IGCSE Pseudocode String Operations should convert string methods","status":"failed","title":"should convert string methods","duration":0.5016669999999976,"failureMessages":["AssertionError: expected '' to be 'text ← \"Hello World\"\\nlength ← LENGTH…' // Object.is equality\n    at /Users/wao_singapore/python2igsce/tests/e2e.test.ts:369:29\n    at processTicksAndRejections (node:internal/process/task_queues:95:5)\n    at file:///Users/wao_singapore/python2igsce/node_modules/@vitest/runner/dist/chunk-hooks.js:752:20"],"meta":{}},{"ancestorTitles":["E2E Tests - Python to IGCSE Pseudocode","Comments"],"fullName":"E2E Tests - Python to IGCSE Pseudocode Comments should convert single line comments","status":"failed","title":"should convert single line comments","duration":0.5918339999999489,"failureMessages":["AssertionError: expected '' to be '// This is a comment\\nx ← 5 // Anothe…' // Object.is equality\n    at /Users/wao_singapore/python2igsce/tests/e2e.test.ts:385:29\n    at processTicksAndRejections (node:internal/process/task_queues:95:5)\n    at file:///Users/wao_singapore/python2igsce/node_modules/@vitest/runner/dist/chunk-hooks.js:752:20"],"meta":{}},{"ancestorTitles":["E2E Tests - Python to IGCSE Pseudocode","Complex Examples"],"fullName":"E2E Tests - Python to IGCSE Pseudocode Complex Examples should convert a complete program with multiple constructs","status":"failed","title":"should convert a complete program with multiple constructs","duration":0.6757920000000013,"failureMessages":["AssertionError: expected '' to contain 'FUNCTION Add'\n    at /Users/wao_singapore/python2igsce/tests/e2e.test.ts:449:22\n    at processTicksAndRejections (node:internal/process/task_queues:95:5)\n    at file:///Users/wao_singapore/python2igsce/node_modules/@vitest/runner/dist/chunk-hooks.js:752:20"],"meta":{}},{"ancestorTitles":["E2E Tests - Python to IGCSE Pseudocode","Complex Examples"],"fullName":"E2E Tests - Python to IGCSE Pseudocode Complex Examples should convert array processing example","status":"failed","title":"should convert array processing example","duration":0.4755000000000109,"failureMessages":["AssertionError: expected '' to contain 'DECLARE numbers : ARRAY'\n    at /Users/wao_singapore/python2igsce/tests/e2e.test.ts:484:22\n    at processTicksAndRejections (node:internal/process/task_queues:95:5)\n    at file:///Users/wao_singapore/python2igsce/node_modules/@vitest/runner/dist/chunk-hooks.js:752:20"],"meta":{}},{"ancestorTitles":["E2E Tests - Python to IGCSE Pseudocode","Array Declarations"],"fullName":"E2E Tests - Python to IGCSE Pseudocode Array Declarations should convert array initialization","status":"skipped","title":"should convert array initialization","failureMessages":[],"meta":{}},{"ancestorTitles":["E2E Tests - Python to IGCSE Pseudocode","Array Declarations"],"fullName":"E2E Tests - Python to IGCSE Pseudocode Array Declarations should convert array access and assignment","status":"skipped","title":"should convert array access and assignment","failureMessages":[],"meta":{}},{"ancestorTitles":["E2E Tests - Python to IGCSE Pseudocode","Type Declarations"],"fullName":"E2E Tests - Python to IGCSE Pseudocode Type Declarations should convert typed variable declarations","status":"skipped","title":"should convert typed variable declarations","failureMessages":[],"meta":{}},{"ancestorTitles":["E2E Tests - Python to IGCSE Pseudocode","CASE Statements"],"fullName":"E2E Tests - Python to IGCSE Pseudocode CASE Statements should convert match statement to CASE","status":"skipped","title":"should convert match statement to CASE","failureMessages":[],"meta":{}},{"ancestorTitles":["E2E Tests - Python to IGCSE Pseudocode","CASE Statements"],"fullName":"E2E Tests - Python to IGCSE Pseudocode CASE Statements should convert if-elif-else to CASE when appropriate","status":"skipped","title":"should convert if-elif-else to CASE when appropriate","failureMessages":[],"meta":{}}],"startTime":1751447103603,"endTime":1751447103652.4756,"status":"failed","message":"","name":"/Users/wao_singapore/python2igsce/tests/e2e.test.ts"},{"assertionResults":[{"ancestorTitles":["Functions and Procedures Tests","PROCEDURE Definitions and Calls"],"fullName":"Functions and Procedures Tests PROCEDURE Definitions and Calls should convert a simple procedure definition","status":"failed","title":"should convert a simple procedure definition","duration":10.831000000000017,"failureMessages":["AssertionError: expected '' to be 'PROCEDURE Display_message(msg : STRIN…' // Object.is equality\n    at /Users/wao_singapore/python2igsce/tests/functions.test.ts:19:27\n    at processTicksAndRejections (node:internal/process/task_queues:95:5)\n    at file:///Users/wao_singapore/python2igsce/node_modules/@vitest/runner/dist/chunk-hooks.js:752:20"],"meta":{}},{"ancestorTitles":["Functions and Procedures Tests","PROCEDURE Definitions and Calls"],"fullName":"Functions and Procedures Tests PROCEDURE Definitions and Calls should convert a procedure definition with multiple parameters","status":"failed","title":"should convert a procedure definition with multiple parameters","duration":5.206624999999974,"failureMessages":["AssertionError: expected '' to be 'PROCEDURE Show_sum(a : STRING, b : ST…' // Object.is equality\n    at /Users/wao_singapore/python2igsce/tests/functions.test.ts:30:27\n    at processTicksAndRejections (node:internal/process/task_queues:95:5)\n    at file:///Users/wao_singapore/python2igsce/node_modules/@vitest/runner/dist/chunk-hooks.js:752:20"],"meta":{}},{"ancestorTitles":["Functions and Procedures Tests","PROCEDURE Definitions and Calls"],"fullName":"Functions and Procedures Tests PROCEDURE Definitions and Calls should convert a procedure call","status":"failed","title":"should convert a procedure call","duration":1.540958000000046,"failureMessages":["AssertionError: expected '' to be 'CALL Display_message(\"Hello\")' // Object.is equality\n    at /Users/wao_singapore/python2igsce/tests/functions.test.ts:38:27\n    at processTicksAndRejections (node:internal/process/task_queues:95:5)\n    at file:///Users/wao_singapore/python2igsce/node_modules/@vitest/runner/dist/chunk-hooks.js:752:20"],"meta":{}},{"ancestorTitles":["Functions and Procedures Tests","FUNCTION Definitions and Calls"],"fullName":"Functions and Procedures Tests FUNCTION Definitions and Calls should convert a simple function definition with a return value","status":"failed","title":"should convert a simple function definition with a return value","duration":1.5414169999999672,"failureMessages":["AssertionError: expected '' to be 'FUNCTION Add(x : STRING, y : STRING) …' // Object.is equality\n    at /Users/wao_singapore/python2igsce/tests/functions.test.ts:61:27\n    at processTicksAndRejections (node:internal/process/task_queues:95:5)\n    at file:///Users/wao_singapore/python2igsce/node_modules/@vitest/runner/dist/chunk-hooks.js:752:20"],"meta":{}},{"ancestorTitles":["Functions and Procedures Tests","FUNCTION Definitions and Calls"],"fullName":"Functions and Procedures Tests FUNCTION Definitions and Calls should convert a function with explicit Python type hints for return type","status":"failed","title":"should convert a function with explicit Python type hints for return type","duration":3.2272500000000264,"failureMessages":["AssertionError: expected '' to be 'FUNCTION Multiply(a : INTEGER, b : IN…' // Object.is equality\n    at /Users/wao_singapore/python2igsce/tests/functions.test.ts:71:27\n    at processTicksAndRejections (node:internal/process/task_queues:95:5)\n    at file:///Users/wao_singapore/python2igsce/node_modules/@vitest/runner/dist/chunk-hooks.js:752:20"],"meta":{}},{"ancestorTitles":["Functions and Procedures Tests","FUNCTION Definitions and Calls"],"fullName":"Functions and Procedures Tests FUNCTION Definitions and Calls should convert a function call assigned to a variable","status":"failed","title":"should convert a function call assigned to a variable","duration":1.125583000000006,"failureMessages":["AssertionError: expected '' to be 'total ← add(5, 3)' // Object.is equality\n    at /Users/wao_singapore/python2igsce/tests/functions.test.ts:77:27\n    at processTicksAndRejections (node:internal/process/task_queues:95:5)\n    at file:///Users/wao_singapore/python2igsce/node_modules/@vitest/runner/dist/chunk-hooks.js:752:20"],"meta":{}},{"ancestorTitles":["Functions and Procedures Tests","FUNCTION Definitions and Calls"],"fullName":"Functions and Procedures Tests FUNCTION Definitions and Calls should handle RETURN statements correctly","status":"failed","title":"should handle RETURN statements correctly","duration":0.8204999999999245,"failureMessages":["AssertionError: expected '' to contain 'RETURN 42'\n    at /Users/wao_singapore/python2igsce/tests/functions.test.ts:83:27\n    at processTicksAndRejections (node:internal/process/task_queues:95:5)\n    at file:///Users/wao_singapore/python2igsce/node_modules/@vitest/runner/dist/chunk-hooks.js:752:20"],"meta":{}},{"ancestorTitles":["Functions and Procedures Tests","Parameter Passing"],"fullName":"Functions and Procedures Tests Parameter Passing should handle parameters passed by value (default)","status":"failed","title":"should handle parameters passed by value (default)","duration":16.036207999999988,"failureMessages":["AssertionError: expected '' to be 'PROCEDURE Increment_val(val : STRING)…' // Object.is equality\n    at /Users/wao_singapore/python2igsce/tests/functions.test.ts:111:27\n    at processTicksAndRejections (node:internal/process/task_queues:95:5)\n    at file:///Users/wao_singapore/python2igsce/node_modules/@vitest/runner/dist/chunk-hooks.js:752:20"],"meta":{}},{"ancestorTitles":["Functions and Procedures Tests","Parameter Passing"],"fullName":"Functions and Procedures Tests Parameter Passing should handle parameters intended as BYREF (if a convention is established)","status":"passed","title":"should handle parameters intended as BYREF (if a convention is established)","duration":1.4104580000000624,"failureMessages":[],"meta":{}},{"ancestorTitles":["Functions and Procedures Tests","Recursive Functions"],"fullName":"Functions and Procedures Tests Recursive Functions should convert a recursive factorial function","status":"failed","title":"should convert a recursive factorial function","duration":0.9500840000000608,"failureMessages":["AssertionError: expected '' to be 'FUNCTION Factorial(n : INTEGER) RETUR…' // Object.is equality\n    at /Users/wao_singapore/python2igsce/tests/functions.test.ts:207:27\n    at processTicksAndRejections (node:internal/process/task_queues:95:5)\n    at file:///Users/wao_singapore/python2igsce/node_modules/@vitest/runner/dist/chunk-hooks.js:752:20"],"meta":{}}],"startTime":1751447103601,"endTime":1751447103644.9502,"status":"failed","message":"","name":"/Users/wao_singapore/python2igsce/tests/functions.test.ts"},{"assertionResults":[{"ancestorTitles":["Python to IGCSE Pseudocode Integration Tests","Basic Programs"],"fullName":"Python to IGCSE Pseudocode Integration Tests Basic Programs should convert simple calculator program","status":"failed","title":"should convert simple calculator program","duration":14.090792000000079,"failureMessages":["AssertionError: expected '' to contain '←'\n    at /Users/wao_singapore/python2igsce/tests/integration.test.ts:23:27\n    at processTicksAndRejections (node:internal/process/task_queues:95:5)\n    at file:///Users/wao_singapore/python2igsce/node_modules/@vitest/runner/dist/chunk-hooks.js:752:20"],"meta":{}},{"ancestorTitles":["Python to IGCSE Pseudocode Integration Tests","Basic Programs"],"fullName":"Python to IGCSE Pseudocode Integration Tests Basic Programs should convert simple assignment","status":"failed","title":"should convert simple assignment","duration":1.4705830000000333,"failureMessages":["AssertionError: expected '' to contain '←'\n    at /Users/wao_singapore/python2igsce/tests/integration.test.ts:35:27\n    at processTicksAndRejections (node:internal/process/task_queues:95:5)\n    at file:///Users/wao_singapore/python2igsce/node_modules/@vitest/runner/dist/chunk-hooks.js:752:20"],"meta":{}},{"ancestorTitles":["Python to IGCSE Pseudocode Integration Tests","Basic Programs"],"fullName":"Python to IGCSE Pseudocode Integration Tests Basic Programs should convert simple if statement","status":"failed","title":"should convert simple if statement","duration":3.167291999999975,"failureMessages":["AssertionError: expected '' to contain '←'\n    at /Users/wao_singapore/python2igsce/tests/integration.test.ts:47:27\n    at processTicksAndRejections (node:internal/process/task_queues:95:5)\n    at file:///Users/wao_singapore/python2igsce/node_modules/@vitest/runner/dist/chunk-hooks.js:752:20"],"meta":{}},{"ancestorTitles":["Python to IGCSE Pseudocode Integration Tests","Basic Programs"],"fullName":"Python to IGCSE Pseudocode Integration Tests Basic Programs should convert simple arithmetic","status":"failed","title":"should convert simple arithmetic","duration":1.219082999999955,"failureMessages":["AssertionError: expected '' to contain '←'\n    at /Users/wao_singapore/python2igsce/tests/integration.test.ts:59:27\n    at processTicksAndRejections (node:internal/process/task_queues:95:5)\n    at file:///Users/wao_singapore/python2igsce/node_modules/@vitest/runner/dist/chunk-hooks.js:752:20"],"meta":{}},{"ancestorTitles":["Python to IGCSE Pseudocode Integration Tests","Basic Programs"],"fullName":"Python to IGCSE Pseudocode Integration Tests Basic Programs should convert simple function","status":"failed","title":"should convert simple function","duration":2.5377500000000737,"failureMessages":["AssertionError: expected 0 to be greater than 0\n    at /Users/wao_singapore/python2igsce/tests/integration.test.ts:72:34\n    at processTicksAndRejections (node:internal/process/task_queues:95:5)\n    at file:///Users/wao_singapore/python2igsce/node_modules/@vitest/runner/dist/chunk-hooks.js:752:20"],"meta":{}},{"ancestorTitles":["Python to IGCSE Pseudocode Integration Tests","Basic Programs"],"fullName":"Python to IGCSE Pseudocode Integration Tests Basic Programs should convert simple loop","status":"failed","title":"should convert simple loop","duration":0.7899170000000595,"failureMessages":["AssertionError: expected 0 to be greater than 0\n    at /Users/wao_singapore/python2igsce/tests/integration.test.ts:82:34\n    at processTicksAndRejections (node:internal/process/task_queues:95:5)\n    at file:///Users/wao_singapore/python2igsce/node_modules/@vitest/runner/dist/chunk-hooks.js:752:20"],"meta":{}},{"ancestorTitles":["Python to IGCSE Pseudocode Integration Tests","Basic Programs"],"fullName":"Python to IGCSE Pseudocode Integration Tests Basic Programs should convert simple while loop","status":"failed","title":"should convert simple while loop","duration":0.6038330000000087,"failureMessages":["AssertionError: expected 0 to be greater than 0\n    at /Users/wao_singapore/python2igsce/tests/integration.test.ts:94:34\n    at processTicksAndRejections (node:internal/process/task_queues:95:5)\n    at file:///Users/wao_singapore/python2igsce/node_modules/@vitest/runner/dist/chunk-hooks.js:752:20"],"meta":{}},{"ancestorTitles":["Python to IGCSE Pseudocode Integration Tests","Basic Programs"],"fullName":"Python to IGCSE Pseudocode Integration Tests Basic Programs should convert simple list","status":"failed","title":"should convert simple list","duration":0.6203749999999673,"failureMessages":["AssertionError: expected 0 to be greater than 0\n    at /Users/wao_singapore/python2igsce/tests/integration.test.ts:104:34\n    at processTicksAndRejections (node:internal/process/task_queues:95:5)\n    at file:///Users/wao_singapore/python2igsce/node_modules/@vitest/runner/dist/chunk-hooks.js:752:20"],"meta":{}},{"ancestorTitles":["Python to IGCSE Pseudocode Integration Tests","Basic Programs"],"fullName":"Python to IGCSE Pseudocode Integration Tests Basic Programs should convert string operations","status":"failed","title":"should convert string operations","duration":1.009290999999962,"failureMessages":["AssertionError: expected 0 to be greater than 0\n    at /Users/wao_singapore/python2igsce/tests/integration.test.ts:114:34\n    at processTicksAndRejections (node:internal/process/task_queues:95:5)\n    at file:///Users/wao_singapore/python2igsce/node_modules/@vitest/runner/dist/chunk-hooks.js:752:20"],"meta":{}}],"startTime":1751447103601,"endTime":1751447103627.0093,"status":"failed","message":"","name":"/Users/wao_singapore/python2igsce/tests/integration.test.ts"},{"assertionResults":[{"ancestorTitles":["IGCSE Pseudocode IR Types","Basic IR Structure"],"fullName":"IGCSE Pseudocode IR Types Basic IR Structure should create IR node with required properties","status":"passed","title":"should create IR node with required properties","duration":1.775541000000004,"failureMessages":[],"meta":{}},{"ancestorTitles":["IGCSE Pseudocode IR Types","Basic IR Structure"],"fullName":"IGCSE Pseudocode IR Types Basic IR Structure should support nested IR structures","status":"passed","title":"should support nested IR structures","duration":0.40233300000002714,"failureMessages":[],"meta":{}},{"ancestorTitles":["IGCSE Pseudocode IR Types","Basic IR Structure"],"fullName":"IGCSE Pseudocode IR Types Basic IR Structure should handle IR node metadata","status":"passed","title":"should handle IR node metadata","duration":0.21391700000000924,"failureMessages":[],"meta":{}},{"ancestorTitles":["IGCSE Pseudocode IR Types","IGCSE Pseudocode Syntax"],"fullName":"IGCSE Pseudocode IR Types IGCSE Pseudocode Syntax should handle assignment with ← operator","status":"passed","title":"should handle assignment with ← operator","duration":0.2325830000000053,"failureMessages":[],"meta":{}},{"ancestorTitles":["IGCSE Pseudocode IR Types","IGCSE Pseudocode Syntax"],"fullName":"IGCSE Pseudocode IR Types IGCSE Pseudocode Syntax should handle FOR loop with TO keyword","status":"passed","title":"should handle FOR loop with TO keyword","duration":0.197291000000007,"failureMessages":[],"meta":{}},{"ancestorTitles":["IGCSE Pseudocode IR Types","IGCSE Pseudocode Syntax"],"fullName":"IGCSE Pseudocode IR Types IGCSE Pseudocode Syntax should handle WHILE loop structure","status":"passed","title":"should handle WHILE loop structure","duration":0.2803329999999846,"failureMessages":[],"meta":{}},{"ancestorTitles":["IGCSE Pseudocode IR Types","IGCSE Pseudocode Syntax"],"fullName":"IGCSE Pseudocode IR Types IGCSE Pseudocode Syntax should handle PROCEDURE definition","status":"passed","title":"should handle PROCEDURE definition","duration":0.1999580000000094,"failureMessages":[],"meta":{}},{"ancestorTitles":["IGCSE Pseudocode IR Types","IGCSE Pseudocode Syntax"],"fullName":"IGCSE Pseudocode IR Types IGCSE Pseudocode Syntax should handle FUNCTION definition","status":"passed","title":"should handle FUNCTION definition","duration":0.13400000000001455,"failureMessages":[],"meta":{}},{"ancestorTitles":["IGCSE Pseudocode IR Types","IGCSE Pseudocode Syntax"],"fullName":"IGCSE Pseudocode IR Types IGCSE Pseudocode Syntax should handle ARRAY declaration","status":"passed","title":"should handle ARRAY declaration","duration":0.24629200000001106,"failureMessages":[],"meta":{}},{"ancestorTitles":["IGCSE Pseudocode IR Types","IGCSE Pseudocode Syntax"],"fullName":"IGCSE Pseudocode IR Types IGCSE Pseudocode Syntax should handle TYPE definition","status":"passed","title":"should handle TYPE definition","duration":0.27429099999997675,"failureMessages":[],"meta":{}},{"ancestorTitles":["IGCSE Pseudocode IR Types","IGCSE Pseudocode Syntax"],"fullName":"IGCSE Pseudocode IR Types IGCSE Pseudocode Syntax should handle CASE structure","status":"passed","title":"should handle CASE structure","duration":0.15425000000001887,"failureMessages":[],"meta":{}},{"ancestorTitles":["IGCSE Pseudocode IR Types","Visitor Integration"],"fullName":"IGCSE Pseudocode IR Types Visitor Integration should create IR nodes through visitor","status":"passed","title":"should create IR nodes through visitor","duration":1.1669580000000224,"failureMessages":[],"meta":{}},{"ancestorTitles":["IGCSE Pseudocode IR Types","Visitor Integration"],"fullName":"IGCSE Pseudocode IR Types Visitor Integration should handle complex IR structures","status":"passed","title":"should handle complex IR structures","duration":0.359375,"failureMessages":[],"meta":{}}],"startTime":1751447103900,"endTime":1751447103906.3594,"status":"passed","message":"","name":"/Users/wao_singapore/python2igsce/tests/ir.test.ts"},{"assertionResults":[{"ancestorTitles":["Nested Structures Comprehensive Tests","Deep Nesting Tests"],"fullName":"Nested Structures Comprehensive Tests Deep Nesting Tests should handle simple nested IF statements","status":"failed","title":"should handle simple nested IF statements","duration":12.48116699999997,"failureMessages":["AssertionError: expected '' to contain 'IF a > 0 THEN'\n    at /Users/wao_singapore/python2igsce/tests/nested-structures.test.ts:15:27\n    at processTicksAndRejections (node:internal/process/task_queues:95:5)\n    at file:///Users/wao_singapore/python2igsce/node_modules/@vitest/runner/dist/chunk-hooks.js:752:20"],"meta":{}},{"ancestorTitles":["Nested Structures Comprehensive Tests","Deep Nesting Tests"],"fullName":"Nested Structures Comprehensive Tests Deep Nesting Tests should handle nested FOR loops","status":"failed","title":"should handle nested FOR loops","duration":1.4554580000000215,"failureMessages":["AssertionError: expected '' to contain 'FOR i ← 0 TO 1'\n    at /Users/wao_singapore/python2igsce/tests/nested-structures.test.ts:23:27\n    at processTicksAndRejections (node:internal/process/task_queues:95:5)\n    at file:///Users/wao_singapore/python2igsce/node_modules/@vitest/runner/dist/chunk-hooks.js:752:20"],"meta":{}},{"ancestorTitles":["Nested Structures Comprehensive Tests","Deep Nesting Tests"],"fullName":"Nested Structures Comprehensive Tests Deep Nesting Tests should handle FOR with nested IF","status":"failed","title":"should handle FOR with nested IF","duration":3.8805000000000405,"failureMessages":["AssertionError: expected '' to contain 'FOR i ← 0 TO 2'\n    at /Users/wao_singapore/python2igsce/tests/nested-structures.test.ts:31:27\n    at processTicksAndRejections (node:internal/process/task_queues:95:5)\n    at file:///Users/wao_singapore/python2igsce/node_modules/@vitest/runner/dist/chunk-hooks.js:752:20"],"meta":{}},{"ancestorTitles":["Nested Structures Comprehensive Tests","Deep Nesting Tests"],"fullName":"Nested Structures Comprehensive Tests Deep Nesting Tests should handle nested WHILE loops","status":"failed","title":"should handle nested WHILE loops","duration":0.891083999999978,"failureMessages":["AssertionError: expected '' to contain 'WHILE i < 2'\n    at /Users/wao_singapore/python2igsce/tests/nested-structures.test.ts:39:27\n    at processTicksAndRejections (node:internal/process/task_queues:95:5)\n    at file:///Users/wao_singapore/python2igsce/node_modules/@vitest/runner/dist/chunk-hooks.js:752:20"],"meta":{}},{"ancestorTitles":["Nested Structures Comprehensive Tests","Deep Nesting Tests"],"fullName":"Nested Structures Comprehensive Tests Deep Nesting Tests should handle deeply nested IF statements","status":"failed","title":"should handle deeply nested IF statements","duration":0.8116670000000568,"failureMessages":["AssertionError: expected '' to contain 'IF a > 0 THEN'\n    at /Users/wao_singapore/python2igsce/tests/nested-structures.test.ts:47:27\n    at processTicksAndRejections (node:internal/process/task_queues:95:5)\n    at file:///Users/wao_singapore/python2igsce/node_modules/@vitest/runner/dist/chunk-hooks.js:752:20"],"meta":{}},{"ancestorTitles":["Nested Structures Comprehensive Tests","Deep Nesting Tests"],"fullName":"Nested Structures Comprehensive Tests Deep Nesting Tests should calculate correct IR depth for nested structures","status":"passed","title":"should calculate correct IR depth for nested structures","duration":0.5704170000000204,"failureMessages":[],"meta":{}},{"ancestorTitles":["Nested Structures Comprehensive Tests","Deep Nesting Tests"],"fullName":"Nested Structures Comprehensive Tests Deep Nesting Tests should count IR nodes correctly in nested structures","status":"passed","title":"should count IR nodes correctly in nested structures","duration":0.3618749999999409,"failureMessages":[],"meta":{}}],"startTime":1751447103601,"endTime":1751447103621.3618,"status":"failed","message":"","name":"/Users/wao_singapore/python2igsce/tests/nested-structures.test.ts"},{"assertionResults":[{"ancestorTitles":["Object-Oriented Programming (OOP) Tests","CLASS Definition"],"fullName":"Object-Oriented Programming (OOP) Tests CLASS Definition should convert a simple Python class to IGCSE CLASS definition","status":"failed","title":"should convert a simple Python class to IGCSE CLASS definition","duration":16.078250000000025,"failureMessages":["AssertionError: expected '' to contain 'CLASS Animal'\n    at /Users/wao_singapore/python2igsce/tests/oop.test.ts:34:27\n    at processTicksAndRejections (node:internal/process/task_queues:95:5)\n    at file:///Users/wao_singapore/python2igsce/node_modules/@vitest/runner/dist/chunk-hooks.js:752:20"],"meta":{}},{"ancestorTitles":["Object-Oriented Programming (OOP) Tests","CLASS Definition"],"fullName":"Object-Oriented Programming (OOP) Tests CLASS Definition should handle class attributes (variables)","status":"failed","title":"should handle class attributes (variables)","duration":3.7981249999999704,"failureMessages":["AssertionError: expected '' to contain 'CLASS Circle'\n    at /Users/wao_singapore/python2igsce/tests/oop.test.ts:50:27\n    at processTicksAndRejections (node:internal/process/task_queues:95:5)\n    at file:///Users/wao_singapore/python2igsce/node_modules/@vitest/runner/dist/chunk-hooks.js:752:20"],"meta":{}},{"ancestorTitles":["Object-Oriented Programming (OOP) Tests","INHERITANCE"],"fullName":"Object-Oriented Programming (OOP) Tests INHERITANCE should convert a class inheriting from another class","status":"failed","title":"should convert a class inheriting from another class","duration":3.2870830000000524,"failureMessages":["AssertionError: expected '' to contain 'CLASS Animal'\n    at /Users/wao_singapore/python2igsce/tests/oop.test.ts:70:27\n    at processTicksAndRejections (node:internal/process/task_queues:95:5)\n    at file:///Users/wao_singapore/python2igsce/node_modules/@vitest/runner/dist/chunk-hooks.js:752:20"],"meta":{}},{"ancestorTitles":["Object-Oriented Programming (OOP) Tests","INHERITANCE"],"fullName":"Object-Oriented Programming (OOP) Tests INHERITANCE should handle calling superclass constructor (super().__init__)","status":"failed","title":"should handle calling superclass constructor (super().__init__)","duration":1.0417080000000851,"failureMessages":["AssertionError: expected '' to contain 'CLASS Parent'\n    at /Users/wao_singapore/python2igsce/tests/oop.test.ts:88:27\n    at processTicksAndRejections (node:internal/process/task_queues:95:5)\n    at file:///Users/wao_singapore/python2igsce/node_modules/@vitest/runner/dist/chunk-hooks.js:752:20"],"meta":{}},{"ancestorTitles":["Object-Oriented Programming (OOP) Tests","Instantiation (NEW)"],"fullName":"Object-Oriented Programming (OOP) Tests Instantiation (NEW) should convert Python object instantiation to IGCSE NEW keyword","status":"failed","title":"should convert Python object instantiation to IGCSE NEW keyword","duration":0.9749160000000074,"failureMessages":["AssertionError: expected '' to contain 'CLASS Greeter'\n    at /Users/wao_singapore/python2igsce/tests/oop.test.ts:108:27\n    at processTicksAndRejections (node:internal/process/task_queues:95:5)\n    at file:///Users/wao_singapore/python2igsce/node_modules/@vitest/runner/dist/chunk-hooks.js:752:20"],"meta":{}},{"ancestorTitles":["Object-Oriented Programming (OOP) Tests","Method Calls"],"fullName":"Object-Oriented Programming (OOP) Tests Method Calls should convert Python method calls to IGCSE method calls","status":"failed","title":"should convert Python method calls to IGCSE method calls","duration":0.6781660000000329,"failureMessages":["AssertionError: expected '' to contain 'CLASS Greeter'\n    at /Users/wao_singapore/python2igsce/tests/oop.test.ts:128:27\n    at processTicksAndRejections (node:internal/process/task_queues:95:5)\n    at file:///Users/wao_singapore/python2igsce/node_modules/@vitest/runner/dist/chunk-hooks.js:752:20"],"meta":{}},{"ancestorTitles":["Object-Oriented Programming (OOP) Tests","Method Calls"],"fullName":"Object-Oriented Programming (OOP) Tests Method Calls should convert method calls that return values","status":"failed","title":"should convert method calls that return values","duration":0.6714170000000195,"failureMessages":["AssertionError: expected '' to contain 'CLASS Calculator'\n    at /Users/wao_singapore/python2igsce/tests/oop.test.ts:141:27\n    at processTicksAndRejections (node:internal/process/task_queues:95:5)\n    at file:///Users/wao_singapore/python2igsce/node_modules/@vitest/runner/dist/chunk-hooks.js:752:20"],"meta":{}}],"startTime":1751447103602,"endTime":1751447103628.6782,"status":"failed","message":"","name":"/Users/wao_singapore/python2igsce/tests/oop.test.ts"},{"assertionResults":[{"ancestorTitles":["Syntax Tests - Basic Constructs","Assignment Statements"],"fullName":"Syntax Tests - Basic Constructs Assignment Statements should convert simple integer assignment","status":"failed","title":"should convert simple integer assignment","duration":10.488624999999956,"failureMessages":["AssertionError: expected '' to be 'x ← 10' // Object.is equality\n    at /Users/wao_singapore/python2igsce/tests/syntax.test.ts:15:27\n    at processTicksAndRejections (node:internal/process/task_queues:95:5)\n    at file:///Users/wao_singapore/python2igsce/node_modules/@vitest/runner/dist/chunk-hooks.js:752:20"],"meta":{}},{"ancestorTitles":["Syntax Tests - Basic Constructs","Assignment Statements"],"fullName":"Syntax Tests - Basic Constructs Assignment Statements should convert simple string assignment","status":"failed","title":"should convert simple string assignment","duration":6.973165999999992,"failureMessages":["AssertionError: expected '' to be 'name ← \"Alice\"' // Object.is equality\n    at /Users/wao_singapore/python2igsce/tests/syntax.test.ts:21:27\n    at processTicksAndRejections (node:internal/process/task_queues:95:5)\n    at file:///Users/wao_singapore/python2igsce/node_modules/@vitest/runner/dist/chunk-hooks.js:752:20"],"meta":{}},{"ancestorTitles":["Syntax Tests - Basic Constructs","Assignment Statements"],"fullName":"Syntax Tests - Basic Constructs Assignment Statements should convert assignment with expression","status":"failed","title":"should convert assignment with expression","duration":1.0317919999999958,"failureMessages":["AssertionError: expected '' to be 'result ← a + b' // Object.is equality\n    at /Users/wao_singapore/python2igsce/tests/syntax.test.ts:27:27\n    at processTicksAndRejections (node:internal/process/task_queues:95:5)\n    at file:///Users/wao_singapore/python2igsce/node_modules/@vitest/runner/dist/chunk-hooks.js:752:20"],"meta":{}},{"ancestorTitles":["Syntax Tests - Basic Constructs","Output Statements"],"fullName":"Syntax Tests - Basic Constructs Output Statements should convert print with a variable","status":"failed","title":"should convert print with a variable","duration":0.9350420000000099,"failureMessages":["AssertionError: expected '' to be 'OUTPUT message' // Object.is equality\n    at /Users/wao_singapore/python2igsce/tests/syntax.test.ts:36:27\n    at processTicksAndRejections (node:internal/process/task_queues:95:5)\n    at file:///Users/wao_singapore/python2igsce/node_modules/@vitest/runner/dist/chunk-hooks.js:752:20"],"meta":{}},{"ancestorTitles":["Syntax Tests - Basic Constructs","Output Statements"],"fullName":"Syntax Tests - Basic Constructs Output Statements should convert print with a string literal","status":"failed","title":"should convert print with a string literal","duration":1.2375419999999622,"failureMessages":["AssertionError: expected '' to be 'OUTPUT \"Hello, world!\"' // Object.is equality\n    at /Users/wao_singapore/python2igsce/tests/syntax.test.ts:42:27\n    at processTicksAndRejections (node:internal/process/task_queues:95:5)\n    at file:///Users/wao_singapore/python2igsce/node_modules/@vitest/runner/dist/chunk-hooks.js:752:20"],"meta":{}},{"ancestorTitles":["Syntax Tests - Basic Constructs","Output Statements"],"fullName":"Syntax Tests - Basic Constructs Output Statements should convert print with multiple arguments","status":"failed","title":"should convert print with multiple arguments","duration":0.6870420000000195,"failureMessages":["AssertionError: expected '' to be 'OUTPUT \"Value:\", x' // Object.is equality\n    at /Users/wao_singapore/python2igsce/tests/syntax.test.ts:48:27\n    at processTicksAndRejections (node:internal/process/task_queues:95:5)\n    at file:///Users/wao_singapore/python2igsce/node_modules/@vitest/runner/dist/chunk-hooks.js:752:20"],"meta":{}},{"ancestorTitles":["Syntax Tests - Basic Constructs","Input Statements"],"fullName":"Syntax Tests - Basic Constructs Input Statements should convert simple input to a variable","status":"failed","title":"should convert simple input to a variable","duration":0.6499580000000833,"failureMessages":["AssertionError: expected '' to be 'INPUT value' // Object.is equality\n    at /Users/wao_singapore/python2igsce/tests/syntax.test.ts:57:27\n    at processTicksAndRejections (node:internal/process/task_queues:95:5)\n    at file:///Users/wao_singapore/python2igsce/node_modules/@vitest/runner/dist/chunk-hooks.js:752:20"],"meta":{}},{"ancestorTitles":["Syntax Tests - Basic Constructs","Input Statements"],"fullName":"Syntax Tests - Basic Constructs Input Statements should convert input with a prompt","status":"failed","title":"should convert input with a prompt","duration":0.6156660000000329,"failureMessages":["AssertionError: expected '' to contain 'OUTPUT \"Enter your name: \"'\n    at /Users/wao_singapore/python2igsce/tests/syntax.test.ts:64:27\n    at processTicksAndRejections (node:internal/process/task_queues:95:5)\n    at file:///Users/wao_singapore/python2igsce/node_modules/@vitest/runner/dist/chunk-hooks.js:752:20"],"meta":{}},{"ancestorTitles":["Syntax Tests - Basic Constructs","Comments"],"fullName":"Syntax Tests - Basic Constructs Comments should convert single-line comments","status":"failed","title":"should convert single-line comments","duration":7.962249999999926,"failureMessages":["AssertionError: expected '' to contain '// This is a comment'\n    at /Users/wao_singapore/python2igsce/tests/syntax.test.ts:74:27\n    at processTicksAndRejections (node:internal/process/task_queues:95:5)\n    at file:///Users/wao_singapore/python2igsce/node_modules/@vitest/runner/dist/chunk-hooks.js:752:20"],"meta":{}},{"ancestorTitles":["Syntax Tests - Basic Constructs","Comments"],"fullName":"Syntax Tests - Basic Constructs Comments should place comments correctly relative to code","status":"failed","title":"should place comments correctly relative to code","duration":1.5851669999999558,"failureMessages":["AssertionError: expected '' to be 'y ← 2 // Inline comment' // Object.is equality\n    at /Users/wao_singapore/python2igsce/tests/syntax.test.ts:81:27\n    at processTicksAndRejections (node:internal/process/task_queues:95:5)\n    at file:///Users/wao_singapore/python2igsce/node_modules/@vitest/runner/dist/chunk-hooks.js:752:20"],"meta":{}},{"ancestorTitles":["Syntax Tests - Basic Constructs","Operators"],"fullName":"Syntax Tests - Basic Constructs Operators should handle arithmetic operators","status":"failed","title":"should handle arithmetic operators","duration":3.1639169999999694,"failureMessages":["AssertionError: expected '' to be 'calc ← (a + b) * c / d - e' // Object.is equality\n    at /Users/wao_singapore/python2igsce/tests/syntax.test.ts:90:27\n    at processTicksAndRejections (node:internal/process/task_queues:95:5)\n    at file:///Users/wao_singapore/python2igsce/node_modules/@vitest/runner/dist/chunk-hooks.js:752:20"],"meta":{}},{"ancestorTitles":["Syntax Tests - Basic Constructs","Operators"],"fullName":"Syntax Tests - Basic Constructs Operators should handle MOD operator","status":"failed","title":"should handle MOD operator","duration":0.8870000000000573,"failureMessages":["AssertionError: expected '' to be 'remainder ← x MOD y' // Object.is equality\n    at /Users/wao_singapore/python2igsce/tests/syntax.test.ts:96:27\n    at processTicksAndRejections (node:internal/process/task_queues:95:5)\n    at file:///Users/wao_singapore/python2igsce/node_modules/@vitest/runner/dist/chunk-hooks.js:752:20"],"meta":{}},{"ancestorTitles":["Syntax Tests - Basic Constructs","Operators"],"fullName":"Syntax Tests - Basic Constructs Operators should handle DIV operator (integer division)","status":"failed","title":"should handle DIV operator (integer division)","duration":0.6003749999999854,"failureMessages":["AssertionError: expected '' to be 'quotient ← x DIV y' // Object.is equality\n    at /Users/wao_singapore/python2igsce/tests/syntax.test.ts:102:27\n    at processTicksAndRejections (node:internal/process/task_queues:95:5)\n    at file:///Users/wao_singapore/python2igsce/node_modules/@vitest/runner/dist/chunk-hooks.js:752:20"],"meta":{}},{"ancestorTitles":["Syntax Tests - Basic Constructs","Operators"],"fullName":"Syntax Tests - Basic Constructs Operators should handle comparison operators","status":"failed","title":"should handle comparison operators","duration":0.5004169999999704,"failureMessages":["AssertionError: expected '' to contain 'is_equal ← (a = b)'\n    at /Users/wao_singapore/python2igsce/tests/syntax.test.ts:108:27\n    at processTicksAndRejections (node:internal/process/task_queues:95:5)\n    at file:///Users/wao_singapore/python2igsce/node_modules/@vitest/runner/dist/chunk-hooks.js:752:20"],"meta":{}},{"ancestorTitles":["Syntax Tests - Basic Constructs","Operators"],"fullName":"Syntax Tests - Basic Constructs Operators should handle logical operators AND, OR, NOT","status":"failed","title":"should handle logical operators AND, OR, NOT","duration":0.5971250000000055,"failureMessages":["AssertionError: expected '' to contain 'res_and ← (p AND q)'\n    at /Users/wao_singapore/python2igsce/tests/syntax.test.ts:119:27\n    at processTicksAndRejections (node:internal/process/task_queues:95:5)\n    at file:///Users/wao_singapore/python2igsce/node_modules/@vitest/runner/dist/chunk-hooks.js:752:20"],"meta":{}},{"ancestorTitles":["Syntax Tests - Basic Constructs","Operators"],"fullName":"Syntax Tests - Basic Constructs Operators should handle string concatenation","status":"failed","title":"should handle string concatenation","duration":0.6551670000000058,"failureMessages":["AssertionError: expected '' to be 'full_name ← first_name & \" \" & last_n…' // Object.is equality\n    at /Users/wao_singapore/python2igsce/tests/syntax.test.ts:127:27\n    at processTicksAndRejections (node:internal/process/task_queues:95:5)\n    at file:///Users/wao_singapore/python2igsce/node_modules/@vitest/runner/dist/chunk-hooks.js:752:20"],"meta":{}}],"startTime":1751447103602,"endTime":1751447103641.6553,"status":"failed","message":"","name":"/Users/wao_singapore/python2igsce/tests/syntax.test.ts"},{"assertionResults":[{"ancestorTitles":["TypeScript Type Definitions","IR Type Definition"],"fullName":"TypeScript Type Definitions IR Type Definition should define IR interface correctly","status":"passed","title":"should define IR interface correctly","duration":1.119209000000012,"failureMessages":[],"meta":{}},{"ancestorTitles":["TypeScript Type Definitions","IR Type Definition"],"fullName":"TypeScript Type Definitions IR Type Definition should support optional meta properties","status":"passed","title":"should support optional meta properties","duration":0.16091599999998607,"failureMessages":[],"meta":{}},{"ancestorTitles":["TypeScript Type Definitions","IGCSE Type Definitions"],"fullName":"TypeScript Type Definitions IGCSE Type Definitions should define data types correctly","status":"passed","title":"should define data types correctly","duration":0.20550000000000068,"failureMessages":[],"meta":{}},{"ancestorTitles":["TypeScript Type Definitions","IGCSE Type Definitions"],"fullName":"TypeScript Type Definitions IGCSE Type Definitions should define operators correctly","status":"passed","title":"should define operators correctly","duration":0.10595899999998437,"failureMessages":[],"meta":{}},{"ancestorTitles":["TypeScript Type Definitions","IGCSE Type Definitions"],"fullName":"TypeScript Type Definitions IGCSE Type Definitions should define keywords correctly","status":"passed","title":"should define keywords correctly","duration":0.1822909999999922,"failureMessages":[],"meta":{}},{"ancestorTitles":["TypeScript Type Definitions","Parser Type Definitions"],"fullName":"TypeScript Type Definitions Parser Type Definitions should define parser options correctly","status":"passed","title":"should define parser options correctly","duration":0.1027909999999963,"failureMessages":[],"meta":{}},{"ancestorTitles":["TypeScript Type Definitions","Parser Type Definitions"],"fullName":"TypeScript Type Definitions Parser Type Definitions should define parse result correctly","status":"passed","title":"should define parse result correctly","duration":0.09433299999997757,"failureMessages":[],"meta":{}},{"ancestorTitles":["TypeScript Type Definitions","Emitter Type Definitions"],"fullName":"TypeScript Type Definitions Emitter Type Definitions should define emitter options correctly","status":"passed","title":"should define emitter options correctly","duration":0.16916700000001583,"failureMessages":[],"meta":{}},{"ancestorTitles":["TypeScript Type Definitions","Emitter Type Definitions"],"fullName":"TypeScript Type Definitions Emitter Type Definitions should define emit result correctly","status":"passed","title":"should define emit result correctly","duration":0.19537500000001273,"failureMessages":[],"meta":{}},{"ancestorTitles":["TypeScript Type Definitions","Utility Type Definitions"],"fullName":"TypeScript Type Definitions Utility Type Definitions should define position and location correctly","status":"passed","title":"should define position and location correctly","duration":0.19179100000002336,"failureMessages":[],"meta":{}},{"ancestorTitles":["TypeScript Type Definitions","Utility Type Definitions"],"fullName":"TypeScript Type Definitions Utility Type Definitions should define visitor pattern correctly","status":"passed","title":"should define visitor pattern correctly","duration":0.08079200000000242,"failureMessages":[],"meta":{}}],"startTime":1751447103891,"endTime":1751447103894.1953,"status":"passed","message":"","name":"/Users/wao_singapore/python2igsce/tests/types.test.ts"}]}